<?xml version="1.0" encoding="UTF-8"?>
<!-- Generated by org.testng.reporters.JUnitXMLReporter -->
<testsuite ignored="0" hostname="Confluxsyss-Mac-mini.local" failures="0" tests="5" name="Default test" time="1.158" errors="0" timestamp="2024-10-18T08:25:40 IST">
  <testcase classname="con.testng.testngpractise.AccountManagerTest" name="testInsertAccounts" time="0.248"/>
  <testcase classname="con.testng.testngpractise.AccountManagerTest" name="testCreateTestTable" time="0.018"/>
  <testcase classname="con.testng.testngpractise.AccountManagerTest" name="testDatabaseConnection" time="0.003"/>
  <testcase classname="con.testng.testngpractise.AccountManagerTest" name="testInsertAccountsNoDuplicates" time="0.194"/>
  <testcase classname="con.testng.testngpractise.AccountManagerTest" name="testExportAccountsToCSV" time="0.053"/>
</testsuite> <!-- Default test -->
